CRITICAL - 2020-02-13 03:58:57 --> No such file or directory
#0 /Volumes/ARCHIVE/PRIVATE/WS/github/ci-4/system/Database/BaseConnection.php(377): CodeIgniter\Database\MySQLi\Connection->connect(false)
#1 /Volumes/ARCHIVE/PRIVATE/WS/github/ci-4/system/Database/BaseConnection.php(643): CodeIgniter\Database\BaseConnection->initialize()
#2 /Volumes/ARCHIVE/PRIVATE/WS/github/ci-4/system/Database/BaseBuilder.php(1819): CodeIgniter\Database\BaseConnection->query('SELECT *\nFROM `...', Array, false)
#3 /Volumes/ARCHIVE/PRIVATE/WS/github/ci-4/app/Models/Orders.php(20): CodeIgniter\Database\BaseBuilder->get()
#4 /Volumes/ARCHIVE/PRIVATE/WS/github/ci-4/app/Controllers/Blog.php(57): App\Models\Orders->get_list_orders_html()
#5 /Volumes/ARCHIVE/PRIVATE/WS/github/ci-4/system/CodeIgniter.php(847): App\Controllers\Blog->list()
#6 /Volumes/ARCHIVE/PRIVATE/WS/github/ci-4/system/CodeIgniter.php(338): CodeIgniter\CodeIgniter->runController(Object(App\Controllers\Blog))
#7 /Volumes/ARCHIVE/PRIVATE/WS/github/ci-4/system/CodeIgniter.php(246): CodeIgniter\CodeIgniter->handleRequest(NULL, Object(Config\Cache), false)
#8 /Volumes/ARCHIVE/PRIVATE/WS/github/ci-4/public/index.php(45): CodeIgniter\CodeIgniter->run()
#9 /Volumes/ARCHIVE/PRIVATE/WS/github/ci-4/system/Commands/Server/rewrite.php(34): require_once('/Volumes/ARCHIV...')
#10 {main}
CRITICAL - 2020-02-13 03:59:08 --> No such file or directory
#0 /Volumes/ARCHIVE/PRIVATE/WS/github/ci-4/system/Database/BaseConnection.php(377): CodeIgniter\Database\MySQLi\Connection->connect(false)
#1 /Volumes/ARCHIVE/PRIVATE/WS/github/ci-4/system/Database/BaseConnection.php(643): CodeIgniter\Database\BaseConnection->initialize()
#2 /Volumes/ARCHIVE/PRIVATE/WS/github/ci-4/system/Database/BaseBuilder.php(1819): CodeIgniter\Database\BaseConnection->query('SELECT *\nFROM `...', Array, false)
#3 /Volumes/ARCHIVE/PRIVATE/WS/github/ci-4/app/Models/Orders.php(20): CodeIgniter\Database\BaseBuilder->get()
#4 /Volumes/ARCHIVE/PRIVATE/WS/github/ci-4/app/Controllers/Blog.php(73): App\Models\Orders->get_list_orders_html()
#5 /Volumes/ARCHIVE/PRIVATE/WS/github/ci-4/system/CodeIgniter.php(847): App\Controllers\Blog->list_html()
#6 /Volumes/ARCHIVE/PRIVATE/WS/github/ci-4/system/CodeIgniter.php(338): CodeIgniter\CodeIgniter->runController(Object(App\Controllers\Blog))
#7 /Volumes/ARCHIVE/PRIVATE/WS/github/ci-4/system/CodeIgniter.php(246): CodeIgniter\CodeIgniter->handleRequest(NULL, Object(Config\Cache), false)
#8 /Volumes/ARCHIVE/PRIVATE/WS/github/ci-4/public/index.php(45): CodeIgniter\CodeIgniter->run()
#9 /Volumes/ARCHIVE/PRIVATE/WS/github/ci-4/system/Commands/Server/rewrite.php(34): require_once('/Volumes/ARCHIV...')
#10 {main}
